<?xml version="1.0" encoding="UTF-8"?>
<testsuite xmlns:xsi="http://www.w3.org/2001/XMLSchema-instance" xsi:noNamespaceSchemaLocation="https://maven.apache.org/surefire/maven-surefire-plugin/xsd/surefire-test-report-3.0.xsd" version="3.0" name="com.maven.main.ExecTest" time="0.712" tests="5" errors="0" skipped="0" failures="0">
  <properties>
    <property name="java.specification.version" value="17"/>
    <property name="sun.cpu.isalist" value="amd64"/>
    <property name="sun.jnu.encoding" value="MS932"/>
    <property name="java.class.path" value="E:\15プログラム学習\VSCode\Java\Java_MAVEN_GetPost\maven\target\test-classes;E:\15プログラム学習\VSCode\Java\Java_MAVEN_GetPost\maven\target\classes;C:\Users\SE_WORK_USER\.m2\repository\junit\junit\4.13.2\junit-4.13.2.jar;C:\Users\SE_WORK_USER\.m2\repository\org\hamcrest\hamcrest-core\1.3\hamcrest-core-1.3.jar;C:\Users\SE_WORK_USER\.m2\repository\org\json\json\20210307\json-20210307.jar;"/>
    <property name="java.vm.vendor" value="Oracle Corporation"/>
    <property name="sun.arch.data.model" value="64"/>
    <property name="user.variant" value=""/>
    <property name="java.vendor.url" value="https://java.oracle.com/"/>
    <property name="user.timezone" value="Asia/Tokyo"/>
    <property name="os.name" value="Windows 10"/>
    <property name="java.vm.specification.version" value="17"/>
    <property name="sun.java.launcher" value="SUN_STANDARD"/>
    <property name="user.country" value="JP"/>
    <property name="sun.boot.library.path" value="C:\Program Files\Java\jdk-17.0.2\bin"/>
    <property name="sun.java.command" value="C:\Users\SE_WORK_USER\AppData\Local\Temp\surefire7337120411561760198\surefirebooter8094492057202171601.jar C:\Users\SE_WORK_USER\AppData\Local\Temp\surefire7337120411561760198 2024-11-13T22-31-23_797-jvmRun1 surefire966839413977507491tmp surefire_07288213644738783223tmp"/>
    <property name="jdk.debug" value="release"/>
    <property name="surefire.test.class.path" value="E:\15プログラム学習\VSCode\Java\Java_MAVEN_GetPost\maven\target\test-classes;E:\15プログラム学習\VSCode\Java\Java_MAVEN_GetPost\maven\target\classes;C:\Users\SE_WORK_USER\.m2\repository\junit\junit\4.13.2\junit-4.13.2.jar;C:\Users\SE_WORK_USER\.m2\repository\org\hamcrest\hamcrest-core\1.3\hamcrest-core-1.3.jar;C:\Users\SE_WORK_USER\.m2\repository\org\json\json\20210307\json-20210307.jar;"/>
    <property name="sun.cpu.endian" value="little"/>
    <property name="user.home" value="C:\Users\SE_WORK_USER"/>
    <property name="user.language" value="ja"/>
    <property name="java.specification.vendor" value="Oracle Corporation"/>
    <property name="java.version.date" value="2022-01-18"/>
    <property name="java.home" value="C:\Program Files\Java\jdk-17.0.2"/>
    <property name="file.separator" value="\"/>
    <property name="basedir" value="E:\15プログラム学習\VSCode\Java\Java_MAVEN_GetPost\maven"/>
    <property name="java.vm.compressedOopsMode" value="Zero based"/>
    <property name="line.separator" value="&#10;"/>
    <property name="java.vm.specification.vendor" value="Oracle Corporation"/>
    <property name="java.specification.name" value="Java Platform API Specification"/>
    <property name="surefire.real.class.path" value="C:\Users\SE_WORK_USER\AppData\Local\Temp\surefire7337120411561760198\surefirebooter8094492057202171601.jar"/>
    <property name="user.script" value=""/>
    <property name="sun.management.compiler" value="HotSpot 64-Bit Tiered Compilers"/>
    <property name="java.runtime.version" value="17.0.2+8-86"/>
    <property name="user.name" value="SE_WORK_USER"/>
    <property name="path.separator" value=";"/>
    <property name="os.version" value="10.0"/>
    <property name="java.runtime.name" value="OpenJDK Runtime Environment"/>
    <property name="file.encoding" value="MS932"/>
    <property name="java.vm.name" value="OpenJDK 64-Bit Server VM"/>
    <property name="localRepository" value="C:\Users\SE_WORK_USER\.m2\repository"/>
    <property name="java.vendor.url.bug" value="https://bugreport.java.com/bugreport/"/>
    <property name="java.io.tmpdir" value="C:\Users\SE_WOR~1\AppData\Local\Temp\"/>
    <property name="java.version" value="17.0.2"/>
    <property name="user.dir" value="E:\15プログラム学習\VSCode\Java\Java_MAVEN_GetPost\maven"/>
    <property name="os.arch" value="amd64"/>
    <property name="java.vm.specification.name" value="Java Virtual Machine Specification"/>
    <property name="sun.os.patch.level" value=""/>
    <property name="native.encoding" value="MS932"/>
    <property name="java.library.path" value="C:\Program Files\Java\jdk-17.0.2\bin;C:\WINDOWS\Sun\Java\bin;C:\WINDOWS\system32;C:\WINDOWS;C:\Program Files\maven\apache-maven-3.9.9\bin;C:\Program Files\Java\jdk-17.0.2\bin;C:\Program Files\Git\cmd;C:\WINDOWS\system32;C:\WINDOWS;C:\WINDOWS\System32\Wbem;C:\WINDOWS\System32\WindowsPowerShell\v1.0\;C:\WINDOWS\System32\OpenSSH\;C:\Program Files\NVIDIA Corporation\NVIDIA NvDLISR;C:\Program Files (x86)\NVIDIA Corporation\PhysX\Common;C:\Program Files\dotnet\;C:\WINDOWS\system32;C:\WINDOWS;C:\WINDOWS\System32\Wbem;C:\WINDOWS\System32\WindowsPowerShell\v1.0\;C:\WINDOWS\System32\OpenSSH\;C:\Sencha\Sencha\Cmd\4.0.5.87;C:\Users\SE_WORK_USER\AppData\Local\Microsoft\WindowsApps;C:\Users\SE_WORK_USER\AppData\Local\Programs\Microsoft VS Code\bin;."/>
    <property name="java.vm.info" value="mixed mode, sharing"/>
    <property name="java.vendor" value="Oracle Corporation"/>
    <property name="java.vm.version" value="17.0.2+8-86"/>
    <property name="sun.io.unicode.encoding" value="UnicodeLittle"/>
    <property name="java.class.version" value="61.0"/>
  </properties>
  <testcase name="testApp" classname="com.maven.main.ExecTest" time="0"/>
  <testcase name="testExec_normal_01" classname="com.maven.main.ExecTest" time="0.486"/>
  <testcase name="testExec_normal_02" classname="com.maven.main.ExecTest" time="0.22"/>
  <testcase name="testExec_Abnormal_01" classname="com.maven.main.ExecTest" time="0.001"/>
  <testcase name="testExec_Abnormal_02" classname="com.maven.main.ExecTest" time="0"/>
</testsuite>